srv-mkt.servers;root
srv-hartsbay01.servers;root
srv-hartsbay02.servers;root
srv-hartsbay03.servers;root
srv-hartsbay04.servers;root
srv-hartsbay05.servers;root
srv-hartsbay06.servers;root
srv-hartsbay07.servers;root
srv-hartsbay08.servers;root
srv-hartsbay09.servers;root
srv-hartsbay10.servers;root
srv-hartsbay11.servers;root
srv-hartsbay12.servers;root
srv-hartsbay13.servers;root
srv-hartsbay14.servers;root
srv-osasco;root
srv-chef.servers;root
srv-manaus01.servers;root
srv-manaus02.servers;root
srv-manaus03.servers;root
srv-manaus04.servers;root
srv-manaus05.servers;root
srv-manaus06.servers;root
srv-manaus07.servers;root
srv-manaus08.servers;root
srv-manaus09.servers;root
srv-manaus10.servers;root
